<?xml version="1.0" encoding="UTF-8"?>
<!-- Generated by org.testng.reporters.JUnitReportReporter -->
<testsuite skipped="0" hostname="welcome-PC" name="com.qa.tests.GetAPITest" tests="2" failures="0" timestamp="14 Jun 2019 23:07:36 GMT" time="2.806" errors="0">
  <testcase name="getAPITestWithoutHeaders" time="2.657" classname="com.qa.tests.GetAPITest"/>
  <testcase name="getAPITestWithHeaders" time="0.149" classname="com.qa.tests.GetAPITest"/>
</testsuite> <!-- com.qa.tests.GetAPITest -->
