<?xml version="1.0" encoding="UTF-8"?>
<!-- Generated by org.testng.reporters.JUnitReportReporter -->
<testsuite skipped="0" hostname="welcome-PC" name="com.qa.tests.PostAPITest" tests="1" failures="0" timestamp="15 Jun 2019 17:56:02 GMT" time="6.697" errors="0">
  <testcase name="postAPITest" time="6.697" classname="com.qa.tests.PostAPITest"/>
</testsuite> <!-- com.qa.tests.PostAPITest -->
